\BOOKMARK [0][-]{chapter*.2}{Inhaltsverzeichnis}{}% 1
\BOOKMARK [0][-]{chapter.1}{Einleitung}{}% 2
\BOOKMARK [1][-]{section.1.1}{Motivation}{chapter.1}% 3
\BOOKMARK [1][-]{section.1.2}{Ziele}{chapter.1}% 4
\BOOKMARK [1][-]{section.1.3}{Aufbau der Arbeit}{chapter.1}% 5
\BOOKMARK [1][-]{section.1.4}{Verwandte Arbeiten}{chapter.1}% 6
\BOOKMARK [2][-]{subsection.1.4.1}{Background Subtraktion}{section.1.4}% 7
\BOOKMARK [0][-]{chapter.2}{Grundlagen}{}% 8
\BOOKMARK [1][-]{section.2.1}{Hintergrundsubtraktion}{chapter.2}% 9
\BOOKMARK [2][-]{subsection.2.1.1}{Gau\337schen Mixture Modell}{section.2.1}% 10
\BOOKMARK [2][-]{subsection.2.1.2}{Adaptive Gau\337schen Mixture Modell}{section.2.1}% 11
\BOOKMARK [1][-]{section.2.2}{Histogrammanalyse}{chapter.2}% 12
\BOOKMARK [1][-]{section.2.3}{OpenCV Framework}{chapter.2}% 13
\BOOKMARK [0][-]{chapter.3}{Eigenes Verfahren}{}% 14
\BOOKMARK [1][-]{section.3.1}{LaTex-Editoren}{chapter.3}% 15
\BOOKMARK [1][-]{section.3.2}{Beispiel f\374r eine Tabelle}{chapter.3}% 16
\BOOKMARK [1][-]{section.3.3}{Formel in Latex und Konventionen zur Verwendung mathematischer Symbole}{chapter.3}% 17
\BOOKMARK [1][-]{section.3.4}{Beispiel f\374r eine Vektorgrafik}{chapter.3}% 18
\BOOKMARK [1][-]{section.3.5}{Beispiel f\374r eine Vektorgrafik mit mathematischen Symbolen}{chapter.3}% 19
\BOOKMARK [1][-]{section.3.6}{Beispiel f\374r eine Rastergrafik}{chapter.3}% 20
\BOOKMARK [1][-]{section.3.7}{Beispiel f\374r die Darstellung von Algorithmen}{chapter.3}% 21
\BOOKMARK [1][-]{section.3.8}{Beispiel f\374r die Darstellung von Quellcode-Ausz\374gen}{chapter.3}% 22
\BOOKMARK [1][-]{section.3.9}{Doppelseitiger Druck}{chapter.3}% 23
\BOOKMARK [1][-]{section.3.10}{Zitieren und Quellenangaben}{chapter.3}% 24
\BOOKMARK [0][-]{chapter.4}{Ergebnisse und Evaluation}{}% 25
\BOOKMARK [0][-]{chapter.5}{Zusammenfassung und Ausblick}{}% 26
\BOOKMARK [0][-]{chapter*.6}{Literaturverzeichnis}{}% 27
\BOOKMARK [0][-]{chapter*.7}{Abk\374rzungsverzeichnis}{}% 28
\BOOKMARK [0][-]{chapter*.8}{Abbildungsverzeichnis}{}% 29
\BOOKMARK [0][-]{chapter*.9}{Tabellenverzeichnis}{}% 30
\BOOKMARK [0][-]{section*.10}{Liste der Algorithmen}{}% 31
\BOOKMARK [0][-]{section*.12}{Listings}{}% 32
\BOOKMARK [0][-]{appendix.A}{Anhang}{}% 33
\BOOKMARK [0][-]{chapter*.16}{Danksagung}{}% 34
